<?xml version="1.0" encoding="UTF-8"?>
<!-- Generated by org.testng.reporters.JUnitXMLReporter -->
<testsuite ignored="0" hostname="DESKTOP-HQT2HP1" failures="0" tests="3" name="Default test" time="4.124" errors="0" timestamp="2023-10-07T13:34:44 EDT">
  <testcase classname="com.facebook.loginTests.LoginFunctionalTest" name="userNameTest" time="0.031"/>
  <testcase classname="com.facebook.loginTests.LoginFunctionalTest" name="passwoedTest" time="0.043"/>
  <testcase classname="com.facebook.loginTests.LoginFunctionalTest" name="loginButtonTest" time="0.037"/>
</testsuite> <!-- Default test -->
