<?xml version="1.0" encoding="UTF-8"?>
<testng-results ignored="0" total="3" passed="3" failed="0" skipped="0">
  <reporter-output>
  </reporter-output>
  <suite started-at="2023-10-07T13:34:40 EDT" name="Default suite" finished-at="2023-10-07T13:34:44 EDT" duration-ms="4124">
    <groups>
    </groups>
    <test started-at="2023-10-07T13:34:40 EDT" name="Default test" finished-at="2023-10-07T13:34:44 EDT" duration-ms="4124">
      <class name="com.facebook.loginTests.LoginFunctionalTest">
        <test-method is-config="true" signature="openFacebook()[pri:0, instance:com.facebook.loginTests.LoginFunctionalTest@65fb9ffc]" started-at="2023-10-07T13:34:40 EDT" name="openFacebook" finished-at="2023-10-07T13:34:42 EDT" duration-ms="1746" status="PASS">
          <reporter-output>
          </reporter-output>
        </test-method> <!-- openFacebook -->
        <test-method signature="userNameTest()[pri:0, instance:com.facebook.loginTests.LoginFunctionalTest@65fb9ffc]" started-at="2023-10-07T13:34:42 EDT" name="userNameTest" finished-at="2023-10-07T13:34:42 EDT" duration-ms="31" status="PASS">
          <reporter-output>
          </reporter-output>
        </test-method> <!-- userNameTest -->
        <test-method is-config="true" signature="openFacebook()[pri:0, instance:com.facebook.loginTests.LoginFunctionalTest@65fb9ffc]" started-at="2023-10-07T13:34:42 EDT" name="openFacebook" finished-at="2023-10-07T13:34:43 EDT" duration-ms="1120" status="PASS">
          <reporter-output>
          </reporter-output>
        </test-method> <!-- openFacebook -->
        <test-method signature="passwoedTest()[pri:1, instance:com.facebook.loginTests.LoginFunctionalTest@65fb9ffc]" started-at="2023-10-07T13:34:43 EDT" name="passwoedTest" finished-at="2023-10-07T13:34:43 EDT" duration-ms="43" status="PASS">
          <reporter-output>
          </reporter-output>
        </test-method> <!-- passwoedTest -->
        <test-method is-config="true" signature="openFacebook()[pri:0, instance:com.facebook.loginTests.LoginFunctionalTest@65fb9ffc]" started-at="2023-10-07T13:34:43 EDT" name="openFacebook" finished-at="2023-10-07T13:34:44 EDT" duration-ms="1125" status="PASS">
          <reporter-output>
          </reporter-output>
        </test-method> <!-- openFacebook -->
        <test-method signature="loginButtonTest()[pri:2, instance:com.facebook.loginTests.LoginFunctionalTest@65fb9ffc]" started-at="2023-10-07T13:34:44 EDT" name="loginButtonTest" finished-at="2023-10-07T13:34:44 EDT" duration-ms="37" status="PASS">
          <reporter-output>
          </reporter-output>
        </test-method> <!-- loginButtonTest -->
      </class> <!-- com.facebook.loginTests.LoginFunctionalTest -->
    </test> <!-- Default test -->
  </suite> <!-- Default suite -->
</testng-results>
