<?xml version="1.0" encoding="UTF-8"?>
<testng-results ignored="0" total="1" passed="1" failed="0" skipped="0">
  <reporter-output>
  </reporter-output>
  <suite started-at="2023-10-30T11:30:26 EDT" name="Default suite" finished-at="2023-10-30T11:30:28 EDT" duration-ms="1816">
    <groups>
    </groups>
    <test started-at="2023-10-30T11:30:26 EDT" name="Default test" finished-at="2023-10-30T11:30:28 EDT" duration-ms="1816">
      <class name="com.facebook.loginTests.LoginTest">
        <test-method is-config="true" signature="openFacebook()[pri:0, instance:com.facebook.loginTests.LoginTest@65fb9ffc]" started-at="2023-10-30T11:30:26 EDT" name="openFacebook" finished-at="2023-10-30T11:30:27 EDT" duration-ms="1633" status="PASS">
          <reporter-output>
          </reporter-output>
        </test-method> <!-- openFacebook -->
        <test-method signature="loginTest()[pri:0, instance:com.facebook.loginTests.LoginTest@65fb9ffc]" started-at="2023-10-30T11:30:27 EDT" name="loginTest" finished-at="2023-10-30T11:30:28 EDT" duration-ms="110" status="PASS">
          <reporter-output>
          </reporter-output>
        </test-method> <!-- loginTest -->
        <test-method is-config="true" signature="closeFacebook()[pri:0, instance:com.facebook.loginTests.LoginTest@65fb9ffc]" started-at="2023-10-30T11:30:28 EDT" name="closeFacebook" finished-at="2023-10-30T11:30:28 EDT" duration-ms="56" status="PASS">
          <reporter-output>
          </reporter-output>
        </test-method> <!-- closeFacebook -->
      </class> <!-- com.facebook.loginTests.LoginTest -->
    </test> <!-- Default test -->
  </suite> <!-- Default suite -->
</testng-results>
